mode: set
github.com/jobinjose01/randomsplit/main.go:15.13,22.16 5 0
github.com/jobinjose01/randomsplit/main.go:27.2,27.14 1 0
github.com/jobinjose01/randomsplit/main.go:32.2,36.16 4 0
github.com/jobinjose01/randomsplit/main.go:41.2,41.16 1 0
github.com/jobinjose01/randomsplit/main.go:45.2,45.18 1 0
github.com/jobinjose01/randomsplit/main.go:50.2,51.22 2 0
github.com/jobinjose01/randomsplit/main.go:22.16,25.3 2 0
github.com/jobinjose01/randomsplit/main.go:27.14,30.3 2 0
github.com/jobinjose01/randomsplit/main.go:36.16,39.3 2 0
github.com/jobinjose01/randomsplit/main.go:41.16,44.3 2 0
github.com/jobinjose01/randomsplit/main.go:45.18,48.3 2 0
github.com/jobinjose01/randomsplit/main.go:55.46,63.16 5 1
github.com/jobinjose01/randomsplit/main.go:66.2,71.31 4 1
github.com/jobinjose01/randomsplit/main.go:83.2,88.16 5 1
github.com/jobinjose01/randomsplit/main.go:63.16,65.3 1 0
github.com/jobinjose01/randomsplit/main.go:71.31,75.17 3 1
github.com/jobinjose01/randomsplit/main.go:78.3,80.24 3 1
github.com/jobinjose01/randomsplit/main.go:75.17,77.4 1 0
